<?xml version="1.0" encoding="utf-8" standalone="no"?>
<test-results xmlns:xsi="http://www.w3.org/2001/XMLSchema-instance" xsi:noNamespaceSchemaLocation="nunit_schema_2.5.xsd" name="Pester" total="13" errors="0" failures="2" not-run="0" inconclusive="0" ignored="0" skipped="0" invalid="0" date="2026-01-31" time="14:57:30">
  <environment os-version="10.0.26200" cwd="C:\Users\topazhu\Github\azure-arc-deployment-framework" user="topazhu" clr-version="9.0.10" machine-name="TOPAZH-LAP-HZ" user-domain="TOPAZH-LAP-HZ" nunit-version="2.5.8.0" platform="Microsoft Windows 11 Pro|C:\WINDOWS|\Device\Harddisk0\Partition3" />
  <culture-info current-culture="en-IL" current-uiculture="en-GB" />
  <test-suite type="TestFixture" name="Pester" executed="True" result="Failure" success="False" time="4.7714" asserts="0" description="Pester">
    <results>
      <test-suite type="TestFixture" name="C:\Users\topazhu\Github\azure-arc-deployment-framework\tests\PowerShell\unit\Core.Tests.ps1" executed="True" result="Failure" success="False" time="4.7714" asserts="0" description="C:\Users\topazhu\Github\azure-arc-deployment-framework\tests\PowerShell\unit\Core.Tests.ps1">
        <results>
          <test-suite type="TestFixture" name="Test-ArcPrerequisites" executed="True" result="Failure" success="False" time="2.0825" asserts="0" description="Test-ArcPrerequisites">
            <results>
              <test-case description="Should pass when all prerequisites are met" name="Test-ArcPrerequisites.Should pass when all prerequisites are met" time="0.3037" asserts="0" success="False" result="Failure" executed="True">
                <failure>
                  <message>Expected $true, but got $false.</message>
                  <stack-trace>at $result.Success | Should -Be $true, C:\Users\topazhu\Github\azure-arc-deployment-framework\tests\PowerShell\unit\Core.Tests.ps1:118
at &lt;ScriptBlock&gt;, C:\Users\topazhu\Github\azure-arc-deployment-framework\tests\PowerShell\unit\Core.Tests.ps1:118</stack-trace>
                </failure>
              </test-case>
              <test-case description="Should fail when OS version is not supported" name="Test-ArcPrerequisites.Should fail when OS version is not supported" time="0.0296" asserts="0" success="True" result="Success" executed="True" />
              <test-case description="Should fail when network connectivity check fails" name="Test-ArcPrerequisites.Should fail when network connectivity check fails" time="0.0149" asserts="0" success="True" result="Success" executed="True" />
              <test-case description="Should include workspace validation when WorkspaceId is provided" name="Test-ArcPrerequisites.Should include workspace validation when WorkspaceId is provided" time="0.0583" asserts="0" success="False" result="Failure" executed="True">
                <failure>
                  <message>Expected 'LogAnalytics' to be found in collection @($null), but it was not found.</message>
                  <stack-trace>at ($result.Checks.Component) | Should -Contain 'LogAnalytics', C:\Users\topazhu\Github\azure-arc-deployment-framework\tests\PowerShell\unit\Core.Tests.ps1:166
at &lt;ScriptBlock&gt;, C:\Users\topazhu\Github\azure-arc-deployment-framework\tests\PowerShell\unit\Core.Tests.ps1:166</stack-trace>
                </failure>
              </test-case>
            </results>
          </test-suite>
          <test-suite type="TestFixture" name="Deploy-ArcAgent" executed="True" result="Success" success="True" time="2.6428" asserts="0" description="Deploy-ArcAgent">
            <results>
              <test-case description="Should successfully deploy Arc agent" name="Deploy-ArcAgent.Should successfully deploy Arc agent" time="0.2446" asserts="0" success="True" result="Success" executed="True" />
              <test-case description="Should handle deployment failure gracefully" name="Deploy-ArcAgent.Should handle deployment failure gracefully" time="0.17" asserts="0" success="True" result="Success" executed="True" />
              <test-case description="Should deploy AMA when specified" name="Deploy-ArcAgent.Should deploy AMA when specified" time="0.1354" asserts="0" success="True" result="Success" executed="True" />
            </results>
          </test-suite>
          <test-suite type="TestFixture" name="Start-ArcDiagnostics" executed="True" result="Success" success="True" time="3.1669" asserts="0" description="Start-ArcDiagnostics">
            <results>
              <test-case description="Should collect all diagnostic information" name="Start-ArcDiagnostics.Should collect all diagnostic information" time="0.1984" asserts="0" success="True" result="Success" executed="True" />
              <test-case description="Should include AMA diagnostics when specified" name="Start-ArcDiagnostics.Should include AMA diagnostics when specified" time="0.1138" asserts="0" success="True" result="Success" executed="True" />
              <test-case description="Should handle diagnostic collection failures" name="Start-ArcDiagnostics.Should handle diagnostic collection failures" time="0.0853" asserts="0" success="True" result="Success" executed="True" />
            </results>
          </test-suite>
          <test-suite type="TestFixture" name="Invoke-ArcAnalysis" executed="True" result="Success" success="True" time="3.3177" asserts="0" description="Invoke-ArcAnalysis">
            <results>
              <test-case description="Should analyze diagnostic data and provide insights" name="Invoke-ArcAnalysis.Should analyze diagnostic data and provide insights" time="0.0829" asserts="0" success="True" result="Success" executed="True" />
              <test-case description="Should include AMA analysis when specified" name="Invoke-ArcAnalysis.Should include AMA analysis when specified" time="0.0166" asserts="0" success="True" result="Success" executed="True" />
              <test-case description="Should calculate risk score correctly" name="Invoke-ArcAnalysis.Should calculate risk score correctly" time="0.042" asserts="0" success="True" result="Success" executed="True" />
            </results>
          </test-suite>
        </results>
      </test-suite>
    </results>
  </test-suite>
</test-results>